Using elementtree interface module...
Parsing WorldCrises.xml...
Parsing test/schema.xml...
Parsing /v/filer4b/v38q001/wrj322/CS373/project3/minixsv/XMLSchema.xsd...
Validating test/schema.xml...
Validating WorldCrises.xml...



========== CRISIS ==========
crisisID:  CRI_HURIKE
crisisName:  Hurricane Ike
crisisPersonIDs =  ['PER_RENPRE']
crisisOrgIDs =  ['ORG_FEDEMA']
crisisKind =  Natural Disaster
crisisDate =  2008-09-01
crisisTime =  
crisisLocations =  [{'content': 'Turks and Caicos, Bahamas, Haiti, Dominican Republic, Cuba, Florida Keys, Mississippi, Louisiana, Texas, Mississippi Valley, Ohio Valley, Great Lakes region, Eastern Canada'}]
crisisHumanImpact =  [{'content': 'Fatalities: 103 direct, 92 indirect'}]
crisisEconomicImpact =  [{'content': '37.5 billion (2008 USD)'}]
crisisResourcesNeeded =  []
crisisWaysToHelp =  []

---- COMMON DATA ----
crisisCitations =  []
crisisExternalLinks =  [{'content': 'Wikipedia', 'href': 'https://en.wikipedia.org/wiki/Hurricane_Ike'}]
crisisImages =  [{'embed': 'https://upload.wikimedia.org/wikipedia/commons/c/c1/Hurricane_Ike_off_the_Lesser_Antilles.jpg'}]
crisisVideos =  []
crisisMaps =  []
crisisFeeds =  []
crisisSummary =  []

nextElement is: <Element 'Crisis' at 0x2915650>



========== CRISIS ==========
crisisID:  CRI_BAGAIR
crisisName:  Baghdad Airstrike
crisisPersonIDs =  ['PER_BRAMAN', 'PER_JULASS']
crisisOrgIDs =  ['ORG_WIKLKS']
crisisKind =  War
crisisDate =  2007-07-12
crisisTime =  
crisisLocations =  [{'content': 'New Baghdad, Baghdad, Iraq'}]
crisisHumanImpact =  [{'content': '12 civilians died, 2 children wounded'}]
crisisEconomicImpact =  []
crisisResourcesNeeded =  []
crisisWaysToHelp =  []

---- COMMON DATA ----
crisisCitations =  []
crisisExternalLinks =  [{'content': 'Wikipedia', 'href': 'https://en.wikipedia.org/wiki/July_12,_2007_Baghdad_airstrike'}]
crisisImages =  [{'embed': 'https://upload.wikimedia.org/wikipedia/commons/7/7c/July_12%2C_2007_Baghdad_airstrike_targets_%281%29.png'}]
crisisVideos =  []
crisisMaps =  []
crisisFeeds =  []
crisisSummary =  []

nextElement is: <Element 'Crisis' at 0x2915ad0>



========== CRISIS ==========
crisisID:  CRI_IRAQWR
crisisName:  Iraq War
crisisPersonIDs =  ['PER_SADHUS']
crisisOrgIDs =  ['ORG_AQAEDA', 'ORG_IAVETA']
crisisKind =  War
crisisDate =  2003-03-20
crisisTime =  
crisisLocations =  [{'content': 'Iraq'}]
crisisHumanImpact =  [{'content': 'Estimated violent deaths: 601,027'}]
crisisEconomicImpact =  [{'content': 'Estimated to cost 1.7 trillion USD'}]
crisisResourcesNeeded =  []
crisisWaysToHelp =  []

---- COMMON DATA ----
crisisCitations =  []
crisisExternalLinks =  [{'content': 'Wikipedia', 'href': 'https://en.wikipedia.org/wiki/Iraq_war'}]
crisisImages =  [{'embed': 'https://upload.wikimedia.org/wikipedia/commons/2/2e/Iraq_War_montage.png'}]
crisisVideos =  []
crisisMaps =  []
crisisFeeds =  []
crisisSummary =  []

nextElement is: <Element 'Crisis' at 0x2915f90>



========== CRISIS ==========
crisisID:  CRI_WSAFRC
crisisName:  Water Scarcity in Africa
crisisPersonIDs =  ['PER_MICCAM']
crisisOrgIDs =  ['ORG_CARERA', 'ORG_UNICEF']
crisisKind =  Natural Disaster ????????????????????????????????????????
crisisDate =  2013-07-09
crisisTime =  
crisisLocations =  [{'content': 'Africa'}]
crisisHumanImpact =  [{'content': '300 million live in a water stressed environment'}, {'content': 'forces those living in water deprived regions to turn to unsafe water resources that contributes to the spread of waterborne diseases'}]
crisisEconomicImpact =  [{'content': 'loses 40 billion potential work hours per year collecting water'}, {'content': 'burden on healthcare due to the cost of medicine to treat waterborne diseases'}]
crisisResourcesNeeded =  []
crisisWaysToHelp =  []

---- COMMON DATA ----
crisisCitations =  []
crisisExternalLinks =  [{'content': 'Wikipedia', 'href': 'https://en.wikipedia.org/wiki/Water_scarcity_in_Africa'}]
crisisImages =  [{'embed': 'https://upload.wikimedia.org/wikipedia/commons/a/a7/Map_showing_Global_Physical_and_Economic_Water_Scarcity_2006.gif'}]
crisisVideos =  []
crisisMaps =  []
crisisFeeds =  []
crisisSummary =  []

nextElement is: <Element 'Crisis' at 0x291d550>



========== CRISIS ==========
crisisID:  CRI_SWNFLU
crisisName:  Influenza A virus subtype H1N1
crisisPersonIDs =  ['PER_BROBMA', 'PER_GHARTL']
crisisOrgIDs =  ['ORG_WHLORG', 'ORG_CFDCAP', 'ORG_REDCRS']
crisisKind =  Pandemic
crisisDate =  2009-10-01
crisisTime =  
crisisLocations =  [{'content': 'World Wide'}]
crisisHumanImpact =  [{'content': u'caused severe illness in 3\u20135 million people'}, {'content': u'250,000\u2013500,000 deaths worldwide'}]
crisisEconomicImpact =  []
crisisResourcesNeeded =  []
crisisWaysToHelp =  []

---- COMMON DATA ----
crisisCitations =  []
crisisExternalLinks =  [{'content': 'Wikipedia', 'href': 'https://en.wikipedia.org/wiki/2009_flu_pandemic'}]
crisisImages =  [{'embed': 'https://upload.wikimedia.org/wikipedia/commons/f/f0/H1N1_influenza_virus.jpg'}]
crisisVideos =  []
crisisMaps =  []
crisisFeeds =  []
crisisSummary =  []

nextElement is: <Element 'Crisis' at 0x291da50>



========== CRISIS ==========
crisisID:  CRI_EXXONV
crisisName:  Exxon Valdez Oil Spill
crisisPersonIDs =  ['PER_BUSDAD']
crisisOrgIDs =  ['ORG_OILREC']
crisisKind =  Oil Spill
crisisDate =  1989-03-24
crisisTime =  
crisisLocations =  [{'content': 'Prince William Sound, Alaska'}]
crisisHumanImpact =  [{'content': 'devastated fishing industry'}]
crisisEconomicImpact =  [{'content': '$3.8 billion in clean cup costs, fines, compensation'}]
crisisResourcesNeeded =  []
crisisWaysToHelp =  []

---- COMMON DATA ----
crisisCitations =  []
crisisExternalLinks =  [{'content': 'Wikipedia', 'href': 'https://en.wikipedia.org/wiki/Exxon_Valdez_oil_spill'}]
crisisImages =  [{'embed': 'https://upload.wikimedia.org/wikipedia/commons/6/66/Exval.jpeg'}]
crisisVideos =  []
crisisMaps =  []
crisisFeeds =  []
crisisSummary =  []

nextElement is: <Element 'Crisis' at 0x291df50>



========== CRISIS ==========
crisisID:  CRI_HAITIE
crisisName:  Haiti Earthquake
crisisPersonIDs =  ['PER_RENPRE']
crisisOrgIDs =  ['ORG_UNICEF']
crisisKind =  Natural Disaster
crisisDate =  2010-01-12
crisisTime =  
crisisLocations =  [{'content': 'Haiti, Dominican Republic'}]
crisisHumanImpact =  [{'content': '316,000 deaths'}]
crisisEconomicImpact =  [{'content': "half the nation's 15,000 primary schools and 1,500 secondary schools were severely damaged or destroyed"}, {'content': 'affected infrastructure included hospitals in the northwest; air, sea, and land transport facilities; and communication systems'}]
crisisResourcesNeeded =  []
crisisWaysToHelp =  []

---- COMMON DATA ----
crisisCitations =  []
crisisExternalLinks =  [{'content': 'Wikipedia', 'href': 'https://en.wikipedia.org/wiki/2010_Haiti_earthquake'}]
crisisImages =  [{'embed': 'https://upload.wikimedia.org/wikipedia/commons/2/2f/Haiti_Earthquake_building_damage.jpg'}]
crisisVideos =  []
crisisMaps =  []
crisisFeeds =  []
crisisSummary =  []

nextElement is: <Element 'Crisis' at 0x2924490>



========== CRISIS ==========
crisisID:  CRI_AIDSHI
crisisName:  AIDS/HIV
crisisPersonIDs =  ['PER_BROBMA', 'PER_MAGICJ']
crisisOrgIDs =  ['ORG_WHLORG']
crisisKind =  Pandemic
crisisDate =  1930-01-01
crisisTime =  
crisisLocations =  [{'content': 'World Wide'}]
crisisHumanImpact =  [{'content': '30 million deaths (as of 2009)'}]
crisisEconomicImpact =  [{'content': 'reduces availability of human capital which will reduce GDP'}, {'content': 'causes both loss of income and increased spending on healthcare'}]
crisisResourcesNeeded =  []
crisisWaysToHelp =  []

---- COMMON DATA ----
crisisCitations =  []
crisisExternalLinks =  [{'content': 'Wikipedia', 'href': 'https://en.wikipedia.org/wiki/AIDS/HIV'}]
crisisImages =  [{'embed': 'https://upload.wikimedia.org/wikipedia/commons/6/63/HIV_Virion-en.png'}]
crisisVideos =  []
crisisMaps =  []
crisisFeeds =  []
crisisSummary =  []

nextElement is: <Element 'Crisis' at 0x2924990>



========== CRISIS ==========
crisisID:  CRI_UEGYPT
crisisName:  Political unrest in Egypt
crisisPersonIDs =  ['PER_MUBRAK']
crisisOrgIDs =  ['ORG_EGYHUM']
crisisKind =  Political Protest
crisisDate =  2013-01-16
crisisTime =  
crisisLocations =  [{'content': 'Egypt'}]
crisisHumanImpact =  [{'content': '90 killed, 3,000 injured'}]
crisisEconomicImpact =  [{'content': "Creates complications for economic reform caused by previous regime fallout. If approved, the loan will come with strict conditions. In order to receive it, the IMF instead of collateral it will require that Egypt implement economic reforms usually in the form of the unpopular austerity measures to cut Egypt's deficit. This translates into a cut in spending on public benefits, social services and development projects. It also comes with an increase in taxes on items such as food, alcohol and cigarettes and petroleum derived products which also include gasoline and cause higher fees for public services including transportation."}]
crisisResourcesNeeded =  []
crisisWaysToHelp =  []

---- COMMON DATA ----
crisisCitations =  []
crisisExternalLinks =  [{'content': 'Wikipedia', 'href': 'https://en.wikipedia.org/wiki/2012%E2%80%9313_Egyptian_protests'}]
crisisImages =  [{'embed': 'https://upload.wikimedia.org/wikipedia/commons/d/d2/Tahrir_Square_on_Novemeber_27_2012_%28Morning%29.jpg'}]
crisisVideos =  []
crisisMaps =  []
crisisFeeds =  []
crisisSummary =  []

nextElement is: <Element 'Crisis' at 0x2924e90>



========== CRISIS ==========
crisisID:  CRI_NINEOO
crisisName:  September 11 Attacks
crisisPersonIDs =  ['PER_OSAMAB']
crisisOrgIDs =  ['ORG_AQAEDA']
crisisKind =  Terrorism
crisisDate =  2001-09-11
crisisTime =  
crisisLocations =  [{'content': 'New York City; Arlington County, Virginia; and near Shanksville, Pennsylvania'}]
crisisHumanImpact =  [{'content': 'Deaths: 2,996; Injured: more than 6,000'}]
crisisEconomicImpact =  [{'content': 'indirectly to the U.S. wars in Afghanistan and Iraq, as well as additional homeland security spending, totaling at least $5 trillion'}, {'content': "NYC's GDP was estimated to have declined by $27.3 billion for the last three months of 2001 and all of 2002. "}]
crisisResourcesNeeded =  []
crisisWaysToHelp =  []

---- COMMON DATA ----
crisisCitations =  []
crisisExternalLinks =  [{'content': 'Wikipedia', 'href': 'https://en.wikipedia.org/wiki/September_11_Attacks'}]
crisisImages =  [{'embed': 'https://upload.wikimedia.org/wikipedia/commons/6/65/September_11_Photo_Montage.jpg'}]
crisisVideos =  []
crisisMaps =  []
crisisFeeds =  []
crisisSummary =  []

nextElement is: <Element 'Person' at 0x29ce410>



========== PERSON ==========
personID: PER_BRAMAN
personName: Bradley Manning
personCrisisIDs: ['CRI_BAGAIR']
personOrgIDs: ['ORG_IAVETA']
personKind: Private First Class
personLocation: 

---- COMMON DATA ----
personCitations =  []
personExternalLinks =  [{'content': 'Wikipedia', 'href': 'https://en.wikipedia.org/wiki/Bradley_Manning'}]
personImages =  [{'embed': 'https://upload.wikimedia.org/wikipedia/commons/thumb/5/5d/Bradley_Manning_US_Army.jpg/614px-Bradley_Manning_US_Army.jpg'}]
personVideos =  []
personMaps =  []
personFeeds =  []
personSummary =  []

nextElement is: <Element 'Person' at 0x29ce6d0>



========== PERSON ==========
personID: PER_JULASS
personName: Julian Assange
personCrisisIDs: ['CRI_BAGAIR']
personOrgIDs: ['ORG_WIKLKS']
personKind: Editor-in-chief and spokesman for WikiLeak
personLocation: 

---- COMMON DATA ----
personCitations =  []
personExternalLinks =  [{'content': 'Wikipedia', 'href': 'https://en.wikipedia.org/wiki/Julian_Assange'}]
personImages =  [{'embed': 'https://upload.wikimedia.org/wikipedia/commons/7/75/Julian_Assange_cropped_%28Norway%2C_March_2010%29.jpg'}]
personVideos =  []
personMaps =  []
personFeeds =  []
personSummary =  []

nextElement is: <Element 'Person' at 0x29ce950>



========== PERSON ==========
personID: PER_GHARTL
personName: Gregory Hartl
personCrisisIDs: ['CRI_SWNFLU']
personOrgIDs: ['ORG_WHLORG']
personKind: Head of Public Relations/Social Media for World Health Organization
personLocation: 

---- COMMON DATA ----
personCitations =  []
personExternalLinks =  [{'content': 'Twitter', 'href': 'https://twitter.com/HaertlG'}]
personImages =  [{'embed': 'http://news.bbcimg.co.uk/media/images/67578000/jpg/_67578538_67578537.jpg'}]
personVideos =  []
personMaps =  []
personFeeds =  []
personSummary =  []

nextElement is: <Element 'Person' at 0x29cec50>



========== PERSON ==========
personID: PER_BUSDAD
personName: George H. W. Bush
personCrisisIDs: ['CRI_EXXONV']
personOrgIDs: []
personKind: President of the United States
personLocation: 

---- COMMON DATA ----
personCitations =  []
personExternalLinks =  [{'content': 'Wikipedia', 'href': 'https://en.wikipedia.org/wiki/George_H._W._Bush'}]
personImages =  [{'embed': 'https://upload.wikimedia.org/wikipedia/commons/thumb/0/0f/George_H._W._Bush%2C_President_of_the_United_States%2C_1989_official_portrait.jpg/520px-George_H._W._Bush%2C_President_of_the_United_States%2C_1989_official_portrait.jpg'}]
personVideos =  []
personMaps =  []
personFeeds =  []
personSummary =  []

nextElement is: <Element 'Person' at 0x29cee90>



========== PERSON ==========
personID: PER_BROBMA
personName: Barack Obama
personCrisisIDs: ['CRI_AIDSHI', 'CRI_SWNFLU']
personOrgIDs: []
personKind: President of the United States
personLocation: 

---- COMMON DATA ----
personCitations =  []
personExternalLinks =  [{'content': 'Wikipedia', 'href': 'https://en.wikipedia.org/wiki/Obama'}]
personImages =  [{'embed': 'https://upload.wikimedia.org/wikipedia/commons/thumb/8/8d/President_Barack_Obama.jpg/615px-President_Barack_Obama.jpg'}]
personVideos =  []
personMaps =  []
personFeeds =  []
personSummary =  []

nextElement is: <Element 'Person' at 0x29d5150>



========== PERSON ==========
personID: PER_RENPRE
personName: Rene Preval
personCrisisIDs: ['CRI_HURIKE', 'CRI_HAITIE']
personOrgIDs: []
personKind: President of Haiti
personLocation: 

---- COMMON DATA ----
personCitations =  []
personExternalLinks =  [{'content': 'Wikipedia', 'href': 'https://en.wikipedia.org/wiki/Ren%C3%A9_Pr%C3%A9val'}]
personImages =  [{'embed': 'https://upload.wikimedia.org/wikipedia/commons/thumb/5/5d/Ren%C3%A9_Pr%C3%A9val_on_March_31%2C_2010.jpg/640px-Ren%C3%A9_Pr%C3%A9val_on_March_31%2C_2010.jpg'}]
personVideos =  []
personMaps =  []
personFeeds =  []
personSummary =  []

nextElement is: <Element 'Person' at 0x29d53d0>



========== PERSON ==========
personID: PER_MAGICJ
personName: Magic Johnson
personCrisisIDs: ['CRI_AIDSHI']
personOrgIDs: []
personKind: Basketball Player
personLocation: 

---- COMMON DATA ----
personCitations =  []
personExternalLinks =  [{'content': 'Wikipedia', 'href': 'https://en.wikipedia.org/wiki/Magic_Johnson'}]
personImages =  [{'embed': 'https://upload.wikimedia.org/wikipedia/commons/7/7d/Magic_Lipofsky.jpg'}]
personVideos =  []
personMaps =  []
personFeeds =  []
personSummary =  []

nextElement is: <Element 'Person' at 0x29d5610>



========== PERSON ==========
personID: PER_MUBRAK
personName: Hosni Mubarak
personCrisisIDs: ['CRI_UEGYPT']
personOrgIDs: []
personKind: President of Egypt
personLocation: 

---- COMMON DATA ----
personCitations =  []
personExternalLinks =  [{'content': 'Wikipedia', 'href': 'https://en.wikipedia.org/wiki/Hosni_Mubarak'}]
personImages =  [{'embed': 'https://upload.wikimedia.org/wikipedia/commons/b/b6/Hosni_Mubarak_ritratto.jpg'}]
personVideos =  []
personMaps =  []
personFeeds =  []
personSummary =  []

nextElement is: <Element 'Person' at 0x29d5850>



========== PERSON ==========
personID: PER_MICCAM
personName: Michel Camdessus
personCrisisIDs: ['CRI_WSAFRC']
personOrgIDs: []
personKind: Managing Director of the IMF
personLocation: 

---- COMMON DATA ----
personCitations =  []
personExternalLinks =  [{'content': 'Wikipedia', 'href': 'https://en.wikipedia.org/wiki/Michel_Camdessus'}]
personImages =  [{'embed': 'https://upload.wikimedia.org/wikipedia/commons/thumb/6/6b/Michel_Camdessus-IMG_3655.jpg/768px-Michel_Camdessus-IMG_3655.jpg'}]
personVideos =  []
personMaps =  []
personFeeds =  []
personSummary =  []

nextElement is: <Element 'Person' at 0x29d5ad0>



========== PERSON ==========
personID: PER_SADHUS
personName: Saddam Hussein
personCrisisIDs: ['CRI_IRAQWR']
personOrgIDs: []
personKind: President of Iraq
personLocation: 

---- COMMON DATA ----
personCitations =  []
personExternalLinks =  [{'content': 'Wikipedia', 'href': 'https://en.wikipedia.org/wiki/Saddam_Hussein'}]
personImages =  [{'embed': 'https://upload.wikimedia.org/wikipedia/commons/f/f1/Iraq%2C_Saddam_Hussein_%28222%29.jpg'}]
personVideos =  []
personMaps =  []
personFeeds =  []
personSummary =  []

nextElement is: <Element 'Person' at 0x29d5cd0>



========== PERSON ==========
personID: PER_OSAMAB
personName: Osama Bin Laden
personCrisisIDs: ['CRI_NINEOO']
personOrgIDs: ['ORG_AQAEDA']
personKind: Founder of al-Qaeda
personLocation: 

---- COMMON DATA ----
personCitations =  []
personExternalLinks =  [{'content': 'Wikipedia', 'href': 'https://en.wikipedia.org/wiki/Osama_Bin_Laden'}]
personImages =  [{'embed': 'https://upload.wikimedia.org/wikipedia/commons/c/ca/Osama_bin_Laden_portrait.jpg'}]
personVideos =  []
personMaps =  []
personFeeds =  []
personSummary =  []

nextElement is: <Element 'Organization' at 0x29d5f90>



========== ORGANIZATION ==========
orgID: ORG_CARERA
orgName: Care
orgCrisisIDs: ['CRI_WSAFRC']
orgPeopleIDs: []
orgKind: Humanitarian
orgLocation: Atlanta, USA
orgHistory: [{'content': 'Founded in 1945'}]
orgContactInfo: [{'content': 'Phone: 1-800-521-CARE'}]

---- COMMON DATA ----
orgCitations =  []
orgExternalLinks =  [{'content': 'Official Website', 'href': 'http://www.care.org/index.asp'}]
orgImages =  [{'embed': 'http://www.care.org/modules/takeovers/carousel5/slides/2013/03/Gender-Based-Violence-Slide-postIWD.jpg'}]
orgVideos =  []
orgMaps =  []
orgFeeds =  []
orgSummary =  []

nextElement is: <Element 'Organization' at 0x29dd390>



========== ORGANIZATION ==========
orgID: ORG_UNICEF
orgName: UNICEF
orgCrisisIDs: ['CRI_WSAFRC', 'CRI_HAITIE']
orgPeopleIDs: []
orgKind: Humanitarian
orgLocation: New York, USA
orgHistory: [{'content': 'Founded in 1946'}]
orgContactInfo: [{'content': 'Phone: 1-800-FOR-KIDS'}]

---- COMMON DATA ----
orgCitations =  []
orgExternalLinks =  [{'content': 'Official Website', 'href': 'http://www.unicefusa.org/'}]
orgImages =  [{'embed': 'https://upload.wikimedia.org/wikipedia/commons/d/d1/Flag_of_UNICEF.svg'}]
orgVideos =  []
orgMaps =  []
orgFeeds =  []
orgSummary =  []

nextElement is: <Element 'Organization' at 0x29dd7d0>



========== ORGANIZATION ==========
orgID: ORG_WIKLKS
orgName: Wikileaks
orgCrisisIDs: ['CRI_BAGAIR']
orgPeopleIDs: ['PER_JULASS']
orgKind: Nonprofit document archive and disclosure
orgLocation: Online
orgHistory: [{'content': 'Launched in 2006'}]
orgContactInfo: [{'content': 'IRC: http://chat.wikileaks.org/'}]

---- COMMON DATA ----
orgCitations =  []
orgExternalLinks =  [{'content': 'Official Website', 'href': 'http://wikileaks.org/'}]
orgImages =  [{'embed': 'http://wikileaks.org/IMG/wlogo.png'}]
orgVideos =  []
orgMaps =  []
orgFeeds =  []
orgSummary =  []

nextElement is: <Element 'Organization' at 0x29ddc10>



========== ORGANIZATION ==========
orgID: ORG_AQAEDA
orgName: al-Qaeda
orgCrisisIDs: ['CRI_IRAQWR', 'CRI_NINEOO']
orgPeopleIDs: ['PER_OSAMAB']
orgKind: Terrorist
orgLocation: World Wide
orgHistory: [{'content': 'Founded in 1988'}]
orgContactInfo: []

---- COMMON DATA ----
orgCitations =  []
orgExternalLinks =  [{'content': 'Wikipedia', 'href': 'https://en.wikipedia.org/wiki/Al_Queda'}]
orgImages =  []
orgVideos =  []
orgMaps =  []
orgFeeds =  []
orgSummary =  []

nextElement is: <Element 'Organization' at 0x29ddf50>



========== ORGANIZATION ==========
orgID: ORG_WHLORG
orgName: World Health Organization
orgCrisisIDs: ['CRI_SWNFLU', 'CRI_AIDSHI']
orgPeopleIDs: ['PER_GHARTL']
orgKind: Public Health
orgLocation: Geneva, Switzerland
orgHistory: [{'content': 'Founded in 1948'}]
orgContactInfo: [{'content': 'Phone: +41 22 791 2111'}]

---- COMMON DATA ----
orgCitations =  []
orgExternalLinks =  [{'content': 'Official Website', 'href': 'http://www.who.int/en/'}]
orgImages =  [{'embed': 'https://upload.wikimedia.org/wikipedia/commons/8/89/Flag_of_WHO.svg'}]
orgVideos =  []
orgMaps =  []
orgFeeds =  []
orgSummary =  []

nextElement is: <Element 'Organization' at 0x29e4490>



========== ORGANIZATION ==========
orgID: ORG_CFDCAP
orgName: Centers for Disease Control and Prevention
orgCrisisIDs: ['CRI_SWNFLU']
orgPeopleIDs: []
orgKind: Public Health
orgLocation: Georgia, USA
orgHistory: [{'content': 'Founded in 1946'}]
orgContactInfo: [{'content': 'Phone: 1-800-CDC-INFO'}]

---- COMMON DATA ----
orgCitations =  []
orgExternalLinks =  [{'content': 'Official Website', 'href': 'http://www.cdc.gov/'}]
orgImages =  [{'embed': 'http://www.cdc.gov/homepage/images/img-cdcLogoHeader.png'}]
orgVideos =  []
orgMaps =  []
orgFeeds =  []
orgSummary =  []

nextElement is: <Element 'Organization' at 0x29e4850>



========== ORGANIZATION ==========
orgID: ORG_FEDEMA
orgName: Federal Emergency Management Agency
orgCrisisIDs: ['CRI_HURIKE']
orgPeopleIDs: []
orgKind: Disaster Relief
orgLocation: USA
orgHistory: [{'content': 'Founded in 1978'}]
orgContactInfo: [{'content': 'Phone: 1-800-621-FEMA '}]

---- COMMON DATA ----
orgCitations =  []
orgExternalLinks =  [{'content': 'Official Website', 'href': 'http://www.fema.gov/'}]
orgImages =  [{'embed': 'https://upload.wikimedia.org/wikipedia/commons/thumb/6/67/FEMA_logo.svg/640px-FEMA_logo.svg.png'}]
orgVideos =  []
orgMaps =  []
orgFeeds =  []
orgSummary =  []

nextElement is: <Element 'Organization' at 0x29e4c50>



========== ORGANIZATION ==========
orgID: ORG_REDCRS
orgName: Red Cross
orgCrisisIDs: ['CRI_SWNFLU']
orgPeopleIDs: []
orgKind: Humanitarian
orgLocation: Geneva, Switzerland
orgHistory: [{'content': 'Founded in 1919'}]
orgContactInfo: [{'content': 'Phone: 1-800-RED CROSS'}]

---- COMMON DATA ----
orgCitations =  []
orgExternalLinks =  [{'content': 'Official Website', 'href': 'http://www.redcross.org/'}]
orgImages =  [{'embed': 'https://upload.wikimedia.org/wikipedia/commons/0/08/Flag_of_Switzerland_%28Pantone%29.svg'}]
orgVideos =  []
orgMaps =  []
orgFeeds =  []
orgSummary =  []

nextElement is: <Element 'Organization' at 0x29ec090>



========== ORGANIZATION ==========
orgID: ORG_OILREC
orgName: Oil Spill Recovery Institute
orgCrisisIDs: ['CRI_EXXONV']
orgPeopleIDs: []
orgKind: Enviromental
orgLocation: Alaska
orgHistory: [{'content': 'Founded in 1989'}]
orgContactInfo: [{'content': 'Phone: 907-424-5800 x222'}]

---- COMMON DATA ----
orgCitations =  []
orgExternalLinks =  [{'content': 'Official Website', 'href': 'http://www.pws-osri.org/'}]
orgImages =  [{'embed': 'http://www.pws-osri.org/wp-content/themes/atahualpa/images/logobar3.jpg'}]
orgVideos =  []
orgMaps =  []
orgFeeds =  []
orgSummary =  []

nextElement is: <Element 'Organization' at 0x29ec490>



========== ORGANIZATION ==========
orgID: ORG_EGYHUM
orgName: Egyptian Organization for Human Rights
orgCrisisIDs: ['CRI_UEGYPT']
orgPeopleIDs: []
orgKind: Human Rights
orgLocation: None
orgHistory: [{'content': 'Founded in 1985'}]
orgContactInfo: [{'content': 'Phone: (202 ) 3636811 - 3620467'}]

---- COMMON DATA ----
orgCitations =  []
orgExternalLinks =  [{'content': 'Official Website', 'href': 'http://en.eohr.org/'}]
orgImages =  []
orgVideos =  []
orgMaps =  []
orgFeeds =  []
orgSummary =  []

nextElement is: <Element 'Organization' at 0x29ec790>



========== ORGANIZATION ==========
orgID: ORG_IAVETA
orgName: Iraq and Afghanistan Veterans of America
orgCrisisIDs: ['CRI_IRAQWR']
orgPeopleIDs: ['PER_BRAMAN']
orgKind: Advocacy group dedicated to US veterans
orgLocation: New York, USA
orgHistory: [{'content': 'Founded in 2004'}]
orgContactInfo: [{'content': 'Phone: 212-982-9699'}]

---- COMMON DATA ----
orgCitations =  []
orgExternalLinks =  [{'content': 'Official Website', 'href': 'http://iava.org/'}]
orgImages =  [{'embed': 'http://patrickstjohn.org/images/iava-logo.jpg'}]
orgVideos =  []
orgMaps =  []
orgFeeds =  []
orgSummary =  It's an organization.

nextElement is: <Element 'Summary' at 0x29ecb90>

Reached end of file correctly!
